New Log File 
Software Version 11.18
UniVert Controller
	Detected on COM6
DMKCamera startLive (32)
Serial port \\.\COM6
	successfully reconfigured.

CellScale Biomat. Testing
BioTester 5000 Master Ctl
SW# 75075 Rev 1.9
Copyright 2013
Software Version 11.18

Initializing X LoadCell
	10.0N, Ser.No. 601424
Initializing Actuator
Initializing DMKCamera
System Ready!

Load Cell Calibration Complete.

Load Cell Calibration Complete.

Load Cell Calibration Complete.

Load Cell Calibration Complete.
Tue Aug-15-2023 17:32:53.369

FINISHED TEST
